<?xml version="1.0" encoding="UTF-8"?>
<testsuite xmlns:xsi="http://www.w3.org/2001/XMLSchema-instance" xsi:noNamespaceSchemaLocation="https://maven.apache.org/surefire/maven-surefire-plugin/xsd/surefire-test-report.xsd" version="3.0.2" name="ui.ft.ccit.faculty.transaksi.TransaksiApplicationTests" time="98.214" tests="1" errors="0" skipped="0" failures="0">
  <properties>
[...]
</properties>
  <testcase name="contextLoads" classname="ui.ft.ccit.faculty.transaksi.TransaksiApplicationTests" time="0.878">
    <system-out><![CDATA[2025-12-11T01:52:35.406+07:00  INFO 4188 --- [transaksi] [           main] t.c.s.AnnotationConfigContextLoaderUtils : Could not detect default configuration classes for test class [ui.ft.ccit.faculty.transaksi.TransaksiApplicationTests]: TransaksiApplicationTests does not declare any static, non-private, non-final, nested classes annotated with @Configuration.
2025-12-11T01:52:39.519+07:00  INFO 4188 --- [transaksi] [           main] .b.t.c.SpringBootTestContextBootstrapper : Found @SpringBootConfiguration ui.ft.ccit.faculty.transaksi.TransaksiApplication for test class ui.ft.ccit.faculty.transaksi.TransaksiApplicationTests

  .   ____          _            __ _ _
 /\\ / ___'_ __ _ _(_)_ __  __ _ \ \ \ \
( ( )\___ | '_ | '_| | '_ \/ _` | \ \ \ \
 \\/  ___)| |_)| | | | | || (_| |  ) ) ) )
  '  |____| .__|_| |_|_| |_\__, | / / / /
 =========|_|==============|___/=/_/_/_/

 :: Spring Boot ::                (v4.0.0)

2025-12-11T01:52:50.692+07:00  INFO 4188 --- [transaksi] [           main] u.f.c.f.t.TransaksiApplicationTests      : Starting TransaksiApplicationTests using Java 25.0.1 with PID 4188 (started by NKNLMTINDONESIA in C:\Users\audya\java-task)
2025-12-11T01:52:50.989+07:00  INFO 4188 --- [transaksi] [           main] u.f.c.f.t.TransaksiApplicationTests      : The following 1 profile is active: "local"
2025-12-11T01:53:25.037+07:00  INFO 4188 --- [transaksi] [           main] .s.d.r.c.RepositoryConfigurationDelegate : Bootstrapping Spring Data JPA repositories in DEFAULT mode.
2025-12-11T01:53:27.066+07:00  INFO 4188 --- [transaksi] [           main] .s.d.r.c.RepositoryConfigurationDelegate : Finished Spring Data repository scanning in 1649 ms. Found 3 JPA repository interfaces.
2025-12-11T01:53:35.612+07:00  INFO 4188 --- [transaksi] [           main] com.zaxxer.hikari.HikariDataSource       : HikariPool-2 - Starting...
2025-12-11T01:53:36.214+07:00  INFO 4188 --- [transaksi] [           main] com.zaxxer.hikari.pool.HikariPool        : HikariPool-2 - Added connection com.mysql.cj.jdbc.ConnectionImpl@309d298
2025-12-11T01:53:36.216+07:00  INFO 4188 --- [transaksi] [           main] com.zaxxer.hikari.HikariDataSource       : HikariPool-2 - Start completed.
2025-12-11T01:53:36.350+07:00  INFO 4188 --- [transaksi] [           main] o.hibernate.jpa.internal.util.LogHelper  : HHH000204: Processing PersistenceUnitInfo [name: default]
2025-12-11T01:53:39.589+07:00  INFO 4188 --- [transaksi] [           main] o.s.o.j.p.SpringPersistenceUnitInfo      : No LoadTimeWeaver setup: ignoring JPA class transformer
2025-12-11T01:53:40.069+07:00  WARN 4188 --- [transaksi] [           main] org.hibernate.dialect.Dialect            : HHH000511: The 5.5.5 version for [org.hibernate.dialect.MySQLDialect] is no longer supported, hence certain features may not work properly. The minimum supported version is 8.0.0. Check the community dialects project for available legacy versions.
2025-12-11T01:53:40.216+07:00  INFO 4188 --- [transaksi] [           main] org.hibernate.orm.connections.pooling    : HHH10001005: Database info:
	Database JDBC URL [jdbc:mysql://localhost:3306/penjualan?useSSL=false&serverTimezone=Asia/Jakarta]
	Database driver: MySQL Connector/J
	Database dialect: MySQLDialect
	Database version: 5.5.5
	Default catalog/schema: penjualan/undefined
	Autocommit mode: undefined/unknown
	Isolation level: REPEATABLE_READ [default REPEATABLE_READ]
	JDBC fetch size: none
	Pool: DatasourceConnectionProviderImpl
	Minimum pool size: undefined/unknown
	Maximum pool size: undefined/unknown
2025-12-11T01:53:47.298+07:00  INFO 4188 --- [transaksi] [           main] o.h.e.t.j.p.i.JtaPlatformInitiator       : HHH000489: No JTA platform available (set 'hibernate.transaction.jta.platform' to enable JTA platform integration)
2025-12-11T01:53:47.629+07:00  INFO 4188 --- [transaksi] [           main] j.LocalContainerEntityManagerFactoryBean : Initialized JPA EntityManagerFactory for persistence unit 'default'
2025-12-11T01:53:54.191+07:00  WARN 4188 --- [transaksi] [           main] JpaBaseConfiguration$JpaWebConfiguration : spring.jpa.open-in-view is enabled by default. Therefore, database queries may be performed during view rendering. Explicitly configure spring.jpa.open-in-view to disable this warning
2025-12-11T01:54:11.548+07:00  INFO 4188 --- [transaksi] [           main] u.f.c.f.t.TransaksiApplicationTests      : Started TransaksiApplicationTests in 90.777 seconds (process running for 265.532)
]]></system-out>
  </testcase>
</testsuite>